build/app/intermediates/manifest_merge_blame_file/debug/manifest-merger-blame-debug-report.txt
1<?xml version="1.0" encoding="utf-8"?>
2<manifest xmlns:android="http://schemas.android.com/apk/res/android"
3    package="com.example.whats_app_clone"
4    android:versionCode="1"
5    android:versionName="1.0.0" >
6
7    <uses-sdk
8        android:minSdkVersion="21"
9        android:targetSdkVersion="30" />
10    <!--
11         Flutter needs it to communicate with the running application
12         to allow setting breakpoints, to provide hot reload, etc.
13    -->
14    <uses-permission android:name="android.permission.INTERNET" />
14-->src\main\AndroidManifest.xml:5:5-66
14-->src\main\AndroidManifest.xml:5:22-64
15    <uses-permission android:name="android.permission.RECORD_AUDIO" />
15-->src\main\AndroidManifest.xml:3:5-71
15-->src\main\AndroidManifest.xml:3:22-68
16    <uses-permission android:name="android.permission.WRITE_EXTERNAL_STORAGE" /> <!-- 读取权限 -->
16-->src\main\AndroidManifest.xml:4:5-81
16-->src\main\AndroidManifest.xml:4:22-78
17    <uses-permission android:name="android.permission.READ_EXTERNAL_STORAGE" /> <!-- 保持进程在休眠时从屏幕消失 -->
17-->[:record_mp3] AndroidManifest.xml:8:5-80
17-->[:record_mp3] AndroidManifest.xml:8:22-77
18    <uses-permission android:name="android.permission.WAKE_LOCK" /> <!-- 允许程序修改全局音频设置 -->
18-->[:record_mp3] AndroidManifest.xml:12:5-68
18-->[:record_mp3] AndroidManifest.xml:12:22-65
19    <uses-permission android:name="android.permission.MODIFY_AUDIO_SETTINGS" />
19-->[:record_mp3] AndroidManifest.xml:18:5-80
19-->[:record_mp3] AndroidManifest.xml:18:22-77
20    <uses-permission android:name="android.permission.CAMERA" />
20-->[:camera] AndroidManifest.xml:9:5-65
20-->[:camera] AndroidManifest.xml:9:22-62
21    <uses-permission android:name="android.permission.ACCESS_NETWORK_STATE" />
21-->[com.google.android.exoplayer:exoplayer-core:2.14.1] AndroidManifest.xml:24:5-79
21-->[com.google.android.exoplayer:exoplayer-core:2.14.1] AndroidManifest.xml:24:22-76
22
23    <application
23-->src\main\AndroidManifest.xml:7:5-45:19
24        android:appComponentFactory="androidx.core.app.CoreComponentFactory"
24-->[androidx.core:core:1.6.0] AndroidManifest.xml:24:18-86
25        android:debuggable="true"
26        android:icon="@mipmap/ic_launcher"
26-->src\main\AndroidManifest.xml:10:9-43
27        android:label="whats_app_clone"
27-->src\main\AndroidManifest.xml:8:9-40
28        android:requestLegacyExternalStorage="true" >
28-->src\main\AndroidManifest.xml:9:9-52
29        <activity
29-->src\main\AndroidManifest.xml:11:9-39:20
30            android:name="com.example.whats_app_clone.MainActivity"
30-->src\main\AndroidManifest.xml:12:13-41
31            android:configChanges="orientation|keyboardHidden|keyboard|screenSize|smallestScreenSize|locale|layoutDirection|fontScale|screenLayout|density|uiMode"
31-->src\main\AndroidManifest.xml:15:13-163
32            android:hardwareAccelerated="true"
32-->src\main\AndroidManifest.xml:16:13-47
33            android:launchMode="singleTop"
33-->src\main\AndroidManifest.xml:13:13-43
34            android:theme="@style/LaunchTheme"
34-->src\main\AndroidManifest.xml:14:13-47
35            android:windowSoftInputMode="adjustResize" >
35-->src\main\AndroidManifest.xml:17:13-55
36
37            <!--
38                 Specifies an Android theme to apply to this Activity as soon as
39                 the Android process has started. This theme is visible to the user
40                 while the Flutter UI initializes. After that, this theme continues
41                 to determine the Window background behind the Flutter UI.
42            -->
43            <meta-data
43-->src\main\AndroidManifest.xml:22:13-25:17
44                android:name="io.flutter.embedding.android.NormalTheme"
44-->src\main\AndroidManifest.xml:23:15-70
45                android:resource="@style/NormalTheme" />
45-->src\main\AndroidManifest.xml:24:15-52
46            <!--
47                 Displays an Android View that continues showing the launch screen
48                 Drawable until Flutter paints its first frame, then this splash
49                 screen fades out. A splash screen is useful to avoid any visual
50                 gap between the end of Android's launch screen and the painting of
51                 Flutter's first frame.
52            -->
53            <meta-data
53-->src\main\AndroidManifest.xml:31:13-34:17
54                android:name="io.flutter.embedding.android.SplashScreenDrawable"
54-->src\main\AndroidManifest.xml:32:15-79
55                android:resource="@drawable/launch_background" />
55-->src\main\AndroidManifest.xml:33:15-61
56
57            <intent-filter>
57-->src\main\AndroidManifest.xml:35:13-38:29
58                <action android:name="android.intent.action.MAIN" />
58-->src\main\AndroidManifest.xml:36:17-68
58-->src\main\AndroidManifest.xml:36:25-66
59
60                <category android:name="android.intent.category.LAUNCHER" />
60-->src\main\AndroidManifest.xml:37:17-76
60-->src\main\AndroidManifest.xml:37:27-74
61            </intent-filter>
62        </activity>
63        <!--
64             Don't delete the meta-data below.
65             This is used by the Flutter tool to generate GeneratedPluginRegistrant.java
66        -->
67        <meta-data
67-->src\main\AndroidManifest.xml:42:9-44:33
68            android:name="flutterEmbedding"
68-->src\main\AndroidManifest.xml:43:13-44
69            android:value="2" />
69-->src\main\AndroidManifest.xml:44:13-30
70    </application>
71
72</manifest>